0 info it worked if it ends with ok
1 verbose cli [ 'node', '/usr/bin/npm', 'publish' ]
2 info using npm@2.5.0
3 info using node@v0.10.36
4 verbose node symlink /usr/bin/node
5 verbose publish [ '.' ]
6 silly cache add args [ '.', null ]
7 verbose cache add spec .
8 silly cache add parsed spec { raw: '.',
8 silly cache add   scope: null,
8 silly cache add   name: null,
8 silly cache add   rawSpec: '.',
8 silly cache add   spec: '/home/web/shared/stapes-ui',
8 silly cache add   type: 'directory' }
9 verbose addLocalDirectory /home/web/.npm/stapes-ui/0.2.1/package.tgz not in flight; packing
10 verbose tar pack [ '/home/web/.npm/stapes-ui/0.2.1/package.tgz',
10 verbose tar pack   '/home/web/shared/stapes-ui' ]
11 verbose tarball /home/web/.npm/stapes-ui/0.2.1/package.tgz
12 verbose folder /home/web/shared/stapes-ui
13 info prepublish stapes-ui@0.2.1
14 verbose addLocalTarball adding from inside cache /home/web/.npm/stapes-ui/0.2.1/package.tgz
15 silly cache afterAdd stapes-ui@0.2.1
16 verbose afterAdd /home/web/.npm/stapes-ui/0.2.1/package/package.json not in flight; writing
17 verbose afterAdd /home/web/.npm/stapes-ui/0.2.1/package/package.json written
18 silly publish { title: 'Stapes UI',
18 silly publish   name: 'stapes-ui',
18 silly publish   version: '0.2.1',
18 silly publish   homepage: 'https://github.com/dwightjack/stapes-ui',
18 silly publish   description: 'Stapes.js Widget Framework',
18 silly publish   main: 'dist/stapes-ui.js',
18 silly publish   repository:
18 silly publish    { type: 'git',
18 silly publish      url: 'https://github.com/dwightjack/stapes-ui.git' },
18 silly publish   keywords: [ 'stapes', 'ui', 'widget' ],
18 silly publish   author: { name: 'Marco Solazzi' },
18 silly publish   license: 'MIT',
18 silly publish   devDependencies:
18 silly publish    { connect: '^3.3.4',
18 silly publish      del: '^1.1.1',
18 silly publish      gulp: '^3.8.11',
18 silly publish      'gulp-bump': '^0.2.2',
18 silly publish      'gulp-concat': '^2.5.2',
18 silly publish      'gulp-header': '^1.2.2',
18 silly publish      'gulp-jshint': '^1.9.2',
18 silly publish      'gulp-load-plugins': '^0.8.1',
18 silly publish      'gulp-rename': '^1.2.0',
18 silly publish      'gulp-uglify': '^1.1.0',
18 silly publish      'gulp-util': '^3.0.4',
18 silly publish      'ink-docstrap': '^0.5.2',
18 silly publish      jquery: '^2.1.3',
18 silly publish      jsdoc: '^3.3.0-beta2',
18 silly publish      'jshint-stylish': '^1.0.1',
18 silly publish      karma: '^0.12.31',
18 silly publish      'karma-html2js-preprocessor': '^0.1.0',
18 silly publish      'karma-jasmine': '^0.3.5',
18 silly publish      'karma-phantomjs-launcher': '^0.1.4',
18 silly publish      minimist: '^1.1.1',
18 silly publish      moment: '^2.9.0',
18 silly publish      'run-sequence': '^1.0.2',
18 silly publish      'serve-index': '^1.6.2',
18 silly publish      'serve-static': '^1.9.1' },
18 silly publish   peerDependencies: { stapes: '^0.8.1' },
18 silly publish   gitHead: '4b418f21a4c96d1cd0603d4543afa7ad7920fc56',
18 silly publish   readme: '#Stapes UI (WIP)\n\nStapes UI is a lightweight User Interface library built on top of [Stapes.js](https://github.com/hay/stapes). Its intended usage scenario are small to medium websites where full fledged frameworks like Backbone are _too much_ but you still want to keep your codebase structured and maintainable.\n\n##Overview\n\nStapes UI requires [Stapes.js](https://github.com/hay/stapes). It can be consumed as a classical global object or as an AMD / CommonJS module.\n\nSince it relies on some modern features (like `document.querySelectorAll`), legacy browsers such as IE 8 and below are not currently supported.\n \nTo support legacy browsers you have to use a supporting DOM library like jQuery 1.x (see _Using a custom DOM Library_ below).\n\n##Installation\n\nYou may download the latest build or install it with bower (this will install Stapes.js as well):\n\n\tbower install stapes-ui --save\n\nThen reference the library and its dependencies in your HTML:\n\n\t<script src="/bower_components/stapes/stapes.js"></script>\n\t<script src="/bower_components/stapes-ui/dist/stapes-ui.js"></script>\n\n###Using a custom DOM Library\n\nStapes UI doesn\'t rely on any DOM library, anyway you may use jQuery or a jQuery compatible library by referencing its constructor function to `Stapes.Ui.$`:\n\n \n\t//Use jQuery 1.x as default DOM library\n\tStapes.Ui.$ = jQuery;\n  \n\n##Library Overview\n\nStapes UI consists of three parts:\n\n* **Core** methods and objects to initialize (`Stapes.Ui.addInitializer`) and bootstrap (`Stapes.Ui.init`) your application, plus a central event hub (`Stapes.Ui.vent`).\n* a **Module** interface for your UI components (`Stapes.Ui.Module`)\n* a **Sandbox** constructor to manage and group UI components (`Stapes.Ui.Sandbox`)\n\n##Usage Examples\n\nThe most basic but useful usage example of Stapes UI is setting up a list of initializers:\n\n\t//Generic initializer\n\tStapes.Ui.addInitializer(function () {\n\t\tconsole.log(\'started!\');\n\t});\n\n\t//DOM filtered initializer\n\t//runs only when the selector matches\n\tStapes.Ui.addInitializer(\'#my-block\', function (stapesConf, selector, $matches) {\n\t\tconsole.log($matches.length);\n\t});\n\n\t//more code...\n\n\tStape.Ui.init();\n\nIn the second initializer we added a _DOM filter_ which will try to match the given selector before launching the callback. This callback receives three arguments:\n\n* a reference to the current `Stapes.Ui.Config` object\n* the provided selector\n* a jQuery-like object of the matched elements\n\nOn init a `bootstrap` event will be triggered on `Stapes.Ui.vent` \n\n##Global options\n\n`Stapes.Ui.Config` is an object containing the current global configuration. It might be extended at will, anyway default parameters are:\n \n* `DEBUG`: (default `false`) enable global event logging \n* `VERBOSE`: (default `false`) verbose logging when `DEBUG` === true\n\n##Getting started with Modules and Sandboxes\n\nWhile initializers are a nifty feature, you may need more structured components for your project. That\'s what modules and sandboxes are for.\n\n###Modules\n\nA *Module* in Stapes UI is a UI component, like an image gallery or a content slider. Here is an example:\n\n\n\t<div class="test-module"></div>\n\n\t<script>\n\t\tvar TestModule = Stapes.Ui.Module.subclass({\n\t\t\trender: function () {\n\t\t\t\tvar el = this.el;\n                \n\t\t\t\tel.style.color = this.options.color;\n\t\t\t\tel.textContent = \'Hi \' + this.get(\'name\');\n\t\t\t\t\n\t\t\t\t//always return `this` for chaining\n\t\t\t\treturn this;\n\t\t\t}\n\t\t});\n\n\t\tvar testModuleInstance = new TestModule({\n\t\t\tel: \'.test-module\',\n\t\t\tcolor: \'blue\',\n\t\t\tdata: {\n\t\t\t\tname: \'John\'\n\t\t\t}\n\t\t});\n\n\t\ttestModuleInstance.render();\n\t</script>\n\nThe module instance will attach itself to the `.test-module` element and will fill the text with the given data.\n\n\n####Module default options\n\nEven if you may provide any number of options to a module constructor, some options are used internally and thus promoted to _first class options_:\n\n* `el` {String|NodeList|DOMElement} either a CSS string selector, an array-like object or a DOMElement node or collection (for instance a `document.querySelector` call result).\n* `$el` {jQuery-like} jQuery-like object, automatically generated from `el` and used internally as reference.\n* `data` {Object} data payload object parsed as [Stapes data](http://hay.github.io/stapes/#m-set). Defaults to `{}`.\n* `replace`: {Boolean} replaces the `el` root element with a newly generated element with a template `<{tagName} class="{className}"></div>`. Defaults to `false`.\n* `tagName`: {String} Tag name used for generated root element whenever `replace` is `true` or `el` is not provided. Defaults to `\'div\'`.\n* `className`: {String} Class attribute value used for generated root element whenever `replace` is `true` or `el` is not provided. Defaults to `\'\'`.\n\n####Module default methods\n\nTwo commonly used methods may be provided to extend `Stapes.Ui.Module`:\n\n* `initialize`: will be called on each module instantiation.\n* `render`: a function invoked _on demand_ responsible for DOM manipulations and interface rendering.\n\n\t\n####Example usage\n\nHere is a complete example:\n\n\t<ul id="user-list"></ul>\n\t<script>\n\t\tvar User = Stapes.Ui.Module.subclass({\n\t\t\ttagName: \'li\'\n    \t\t\n    \t\tclassName: \'user-list__item\',\n    \t\t\n    \t\tinitialize: function () {\n    \t\t\t//ensure name is a string\n    \t\t\tthis.set(\'name\', this.get(\'name\') || \'\');\n    \t\t},\n    \t\t\n    \t\trender: function () {\n    \t\t\tthis.el.innerHTML = this.get(\'name\');\n    \t\t\treturn this;\n    \t\t}\n    \t});\n    \t\n    \tvar userList = document.getElementById(\'user-list\');\n    \t\n    \tvar els = [\'John\', \'Jane\'].forEach(function (username) {\n    \t\tvar user = new User({\n    \t\t\tdata: {\n    \t\t\t\tname: username\n    \t\t\t}\n    \t\t});\n    \t\tuserList.appendChild(user.render().el);\n    \t});\n\t</script>\n\t\nHTML output will be:\n\n\t<ul id="user-list">\n\t\t<li class="user-list__item">John</li>\n\t\t<li class="user-list__item">Jane</li>\n\t</ul>\n\n\n###Sandboxes\n\nA *Sandbox* acts as a central hub for modules. Think of it as a panel of your interface where you may place multiple instances of your components, start and stop them while keeping everything separated from other parts of the application.\n\nAs an example let\'s use the previous `TestModule` into a sandbox:\n\n\t<section id="main-panel">\n\t\t<div data-sui-module="test-module"></div>\n\t</section>\n\t\n\t<script>\n\t\tvar sandbox = new Stapes.Ui.Sandbox();\n\n\t\t//register the module\n\t\tsandbox.register(\'testModule\', TestModule);\n\n\t\t//startup the sandbox\n\t\tsandbox.start(\'#main-panel\');\n\n\t</script>\n\nThis way the sandbox will match every `*[data-sui-module="test-module"]` element inside `#main-panel` and for each it\'ll instantiate `TestModule`.\nThis process will trigger three kind of events on the sandbox instance:\n\n* a `sandbox:update` and a `sandbox:update:<module-name>` for every registered module definition with module configuration object as data.\n* a `sandbox:start`\n\nTo kill the sandbox just run: `sandbox.stop()`. This method will cycle through active modules and run their `.destroy()` method if available. \nIn addition a `sandbox:stop` event will be triggered on the sandbox instance.\n\nWhile setting the `data-sui-module` is the default behaviour for module-DOM matching, you may use a custom selector:\n\n\t<section id="main-panel">\n\t\t<div class="test-module"></div>\n\t</section>\n\t\n\t<script>\n\t\tvar sandbox = new Stapes.Ui.Sandbox();\n\n\t\t//register the module with a custom selector\n\t\tsandbox.register(\'testModule\', {\n\t\t\tselector: \'.test-module\',\n\t\t\tcallback: TestModule\n\t\t});\n\n\t\t//startup the sandbox\n\t\tsandbox.start(\'#main-panel\');\n\n\t</script>\n\n###Module defaults and inline configurations\n\nAs you may notice there\'s no way to pass custom data nor options to modules\' instances when using sandboxes.\n\nTo overcome this problem you may set default data and options in the module\'s constructor:\n\n\tvar TestModule = Stapes.Ui.Module.subclass({\n\t\t_data: {\n\t\t\tname: \'John\'\n\t\t},\n\t\t_options: {\n\t\t\tcolor: \'blue\'\n\t\t},\n\t\trender: function () {\n\t\t\t...\n\t\t};\n\t});\n\nThen, to customize them for a single instance set an attribute `data-<modulename>-<option-name>` on the DOM element with custom value:\n\n\t<div data-sui-module="test-module" data-test-module-color="red"></div>\n\nTo pass custom data values, set an attribute `data-<modulename>-data` with a JSON-like value:\n\n\t<div data-sui-module="test-module" data-test-module-data="{\'name\': \'Jane\'}"></div>\n\nIf you want to avoid certain elements to be matched just add `data-sui-skip`:\n\n\t<div data-sui-module="test-module" data-sui-skip></div>\n\nThis way no instance will be created on that element.\n\n###*In-sandbox* events\n\nBoth modules and sandboxes inherit [Stapes event methods](http://hay.github.io/stapes/#m-events).\n\nWhen registered in a sandobox a module can communicate with the parent sandbox by mean of three methods:\n \n* `broadcast`: will trigger an event in the parent sandbox ([signature doc](http://hay.github.io/stapes/#m-emit))\n* `onBroadcast`: will listen for a sandbox\'s event ([signature doc](http://hay.github.io/stapes/#m-on))\n* `offBroadcast`: removes a listener for a sandbox\'s event ([signature doc](http://hay.github.io/stapes/#m-off))\n\n###Release History\n\n* 0.2.0 Removed jQuery dependency. `el` promoted to _first class_ parameter. Better module documentation \n\n* 0.1.0 Refining performances, docs and *In-sandbox* messaging',
18 silly publish   readmeFilename: 'README.md',
18 silly publish   bugs: { url: 'https://github.com/dwightjack/stapes-ui/issues' },
18 silly publish   _id: 'stapes-ui@0.2.1',
18 silly publish   scripts: {},
18 silly publish   _shasum: '888eba8e4ccb22219fdf2aecab0deb29c3b0ca79',
18 silly publish   _from: '.' }
19 silly mapToRegistry name stapes-ui
20 silly mapToRegistry using default registry
21 silly mapToRegistry registry https://registry.npmjs.org/
22 silly mapToRegistry uri https://registry.npmjs.org/stapes-ui
23 verbose publish registryBase https://registry.npmjs.org/
24 silly publish uploading /home/web/.npm/stapes-ui/0.2.1/package.tgz
25 verbose request uri https://registry.npmjs.org/stapes-ui
26 verbose request sending authorization for write operation
27 info attempt registry request try #1 at 22:20:03
28 verbose request id e7f35cb85ee53ed1
29 http request PUT https://registry.npmjs.org/stapes-ui
30 http 403 https://registry.npmjs.org/stapes-ui
31 verbose headers { 'content-type': 'application/json',
31 verbose headers   'cache-control': 'max-age=60',
31 verbose headers   'content-length': '95',
31 verbose headers   'accept-ranges': 'bytes',
31 verbose headers   date: 'Wed, 06 May 2015 20:20:04 GMT',
31 verbose headers   via: '1.1 varnish',
31 verbose headers   connection: 'keep-alive',
31 verbose headers   'x-served-by': 'cache-fra1225-FRA',
31 verbose headers   'x-cache': 'MISS',
31 verbose headers   'x-cache-hits': '0',
31 verbose headers   'x-timer': 'S1430943603.478910,VS0,VE1242' }
32 verbose request invalidating /home/web/.npm/registry.npmjs.org/stapes-ui on PUT
33 error publish Failed PUT 403
34 verbose stack Error: "You cannot publish over the previously published version 0.2.1." : stapes-ui
34 verbose stack     at CachingRegistryClient.<anonymous> (/usr/lib/node_modules/npm/node_modules/npm-registry-client/lib/request.js:254:14)
34 verbose stack     at Request._callback (/usr/lib/node_modules/npm/node_modules/npm-registry-client/lib/request.js:178:14)
34 verbose stack     at Request.self.callback (/usr/lib/node_modules/npm/node_modules/npm-registry-client/node_modules/request/request.js:344:22)
34 verbose stack     at Request.emit (events.js:98:17)
34 verbose stack     at Request.<anonymous> (/usr/lib/node_modules/npm/node_modules/npm-registry-client/node_modules/request/request.js:1239:14)
34 verbose stack     at Request.emit (events.js:117:20)
34 verbose stack     at IncomingMessage.<anonymous> (/usr/lib/node_modules/npm/node_modules/npm-registry-client/node_modules/request/request.js:1187:12)
34 verbose stack     at IncomingMessage.emit (events.js:117:20)
34 verbose stack     at _stream_readable.js:944:16
34 verbose stack     at process._tickCallback (node.js:442:13)
35 verbose statusCode 403
36 verbose pkgid stapes-ui
37 verbose cwd /home/web/shared/stapes-ui
38 error Linux 3.13.0-29-generic
39 error argv "node" "/usr/bin/npm" "publish"
40 error node v0.10.36
41 error npm  v2.5.0
42 error code E403
43 error "You cannot publish over the previously published version 0.2.1." : stapes-ui
44 error If you need help, you may report this error at:
44 error     <http://github.com/npm/npm/issues>
45 verbose exit [ 1, true ]
